2021-01-22 12:38:10,233 [INFO] <9175> - Server running...
2021-01-22 12:38:14,734 [INFO] <9175> - Frames extracted for motiondetection gRPC service.
2021-01-22 12:38:14,832 [INFO] <9175> - Content analyzed successfully
2021-01-22 12:38:19,076 [INFO] <9175> - Frames extracted for motiondetection gRPC service.
2021-01-22 12:38:19,172 [INFO] <9175> - Content analyzed successfully
2021-01-22 12:39:09,696 [INFO] <9175> - Frames extracted for motiondetection gRPC service.
2021-01-22 12:39:09,865 [INFO] <9175> - Content analyzed successfully
2021-01-22 12:40:22,248 [INFO] <9175> - Frames extracted for motiondetection gRPC service.
2021-01-22 12:40:22,274 [INFO] <9175> - Content analyzed successfully
2021-01-22 12:53:58,872 [ERROR] <9175> - Exception in callback AioServer._serving_task_crash_handler(<Task cancell... __name__>()>>)
handle: <Handle AioServer._serving_task_crash_handler(<Task cancell... __name__>()>>)>
Traceback (most recent call last):
  File "/usr/lib/python3.7/asyncio/runners.py", line 43, in run
    return loop.run_until_complete(main)
  File "/usr/lib/python3.7/asyncio/base_events.py", line 566, in run_until_complete
    self.run_forever()
  File "/usr/lib/python3.7/asyncio/base_events.py", line 534, in run_forever
    self._run_once()
  File "/usr/lib/python3.7/asyncio/base_events.py", line 1735, in _run_once
    event_list = self._selector.select(timeout)
  File "/usr/lib/python3.7/selectors.py", line 468, in select
    fd_event_list = self._selector.poll(timeout, max_ev)
KeyboardInterrupt

During handling of the above exception, another exception occurred:

Traceback (most recent call last):
  File "/usr/lib/python3.7/asyncio/events.py", line 88, in _run
    self._context.run(self._callback, *self._args)
  File "src/python/grpcio/grpc/_cython/_cygrpc/aio/server.pyx.pxi", line 887, in grpc._cython.cygrpc.AioServer._serving_task_crash_handler
concurrent.futures._base.CancelledError
2021-01-22 12:59:27,521 [INFO] <10076> - Server running...
2021-01-22 12:59:32,668 [INFO] <10076> - Frames extracted for motiondetection gRPC service.
2021-01-22 12:59:32,708 [INFO] <10076> - Content analyzed successfully
